The system is: Linux - 4.15.0-72-generic - x86_64
Compiling the CXX compiler identification source file "CMakeCXXCompilerId.cpp" succeeded.
Compiler: /usr/bin/c++ 
Build flags: ;-DJSON_USE_INT64_DOUBLE_CONVERSION
Id flags:  

The output was:
0


Compilation of the CXX compiler identification source "CMakeCXXCompilerId.cpp" produced "a.out"

The CXX compiler identification is GNU, found in "/root/work/3/solc/build/deps/src/jsoncpp-project-build/CMakeFiles/3.10.2/CompilerIdCXX/a.out"

Determining if the CXX compiler works passed with the following output:
Change Dir: /root/work/3/solc/build/deps/src/jsoncpp-project-build/CMakeFiles/CMakeTmp

Run Build Command:"/usr/bin/make" "cmTC_a7b3b/fast"
make[3]: Entering directory '/root/work/3/solc/build/deps/src/jsoncpp-project-build/CMakeFiles/CMakeTmp'
/usr/bin/make -f CMakeFiles/cmTC_a7b3b.dir/build.make CMakeFiles/cmTC_a7b3b.dir/build
make[4]: Entering directory '/root/work/3/solc/build/deps/src/jsoncpp-project-build/CMakeFiles/CMakeTmp'
Building CXX object CMakeFiles/cmTC_a7b3b.dir/testCXXCompiler.cxx.o
/usr/bin/c++    -DJSON_USE_INT64_DOUBLE_CONVERSION    -std=c++11 -o CMakeFiles/cmTC_a7b3b.dir/testCXXCompiler.cxx.o -c /root/work/3/solc/build/deps/src/jsoncpp-project-build/CMakeFiles/CMakeTmp/testCXXCompiler.cxx
Linking CXX executable cmTC_a7b3b
/usr/bin/cmake -E cmake_link_script CMakeFiles/cmTC_a7b3b.dir/link.txt --verbose=1
/usr/bin/c++   -DJSON_USE_INT64_DOUBLE_CONVERSION     CMakeFiles/cmTC_a7b3b.dir/testCXXCompiler.cxx.o  -o cmTC_a7b3b 
make[4]: Leaving directory '/root/work/3/solc/build/deps/src/jsoncpp-project-build/CMakeFiles/CMakeTmp'
make[3]: Leaving directory '/root/work/3/solc/build/deps/src/jsoncpp-project-build/CMakeFiles/CMakeTmp'


Detecting CXX compiler ABI info compiled with the following output:
Change Dir: /root/work/3/solc/build/deps/src/jsoncpp-project-build/CMakeFiles/CMakeTmp

Run Build Command:"/usr/bin/make" "cmTC_4ecf3/fast"
make[3]: Entering directory '/root/work/3/solc/build/deps/src/jsoncpp-project-build/CMakeFiles/CMakeTmp'
/usr/bin/make -f CMakeFiles/cmTC_4ecf3.dir/build.make CMakeFiles/cmTC_4ecf3.dir/build
make[4]: Entering directory '/root/work/3/solc/build/deps/src/jsoncpp-project-build/CMakeFiles/CMakeTmp'
Building CXX object CMakeFiles/cmTC_4ecf3.dir/CMakeCXXCompilerABI.cpp.o
/usr/bin/c++    -DJSON_USE_INT64_DOUBLE_CONVERSION    -std=c++11 -o CMakeFiles/cmTC_4ecf3.dir/CMakeCXXCompilerABI.cpp.o -c /usr/share/cmake-3.10/Modules/CMakeCXXCompilerABI.cpp
Linking CXX executable cmTC_4ecf3
/usr/bin/cmake -E cmake_link_script CMakeFiles/cmTC_4ecf3.dir/link.txt --verbose=1
/usr/bin/c++   -DJSON_USE_INT64_DOUBLE_CONVERSION    -v CMakeFiles/cmTC_4ecf3.dir/CMakeCXXCompilerABI.cpp.o  -o cmTC_4ecf3 
Using built-in specs.
COLLECT_GCC=/usr/bin/c++
COLLECT_LTO_WRAPPER=/usr/lib/gcc/x86_64-linux-gnu/7/lto-wrapper
OFFLOAD_TARGET_NAMES=nvptx-none
OFFLOAD_TARGET_DEFAULT=1
Target: x86_64-linux-gnu
Configured with: ../src/configure -v --with-pkgversion='Ubuntu 7.4.0-1ubuntu1~18.04.1' --with-bugurl=file:///usr/share/doc/gcc-7/README.Bugs --enable-languages=c,ada,c++,go,brig,d,fortran,objc,obj-c++ --prefix=/usr --with-gcc-major-version-only --program-suffix=-7 --program-prefix=x86_64-linux-gnu- --enable-shared --enable-linker-build-id --libexecdir=/usr/lib --without-included-gettext --enable-threads=posix --libdir=/usr/lib --enable-nls --with-sysroot=/ --enable-clocale=gnu --enable-libstdcxx-debug --enable-libstdcxx-time=yes --with-default-libstdcxx-abi=new --enable-gnu-unique-object --disable-vtable-verify --enable-libmpx --enable-plugin --enable-default-pie --with-system-zlib --with-target-system-zlib --enable-objc-gc=auto --enable-multiarch --disable-werror --with-arch-32=i686 --with-abi=m64 --with-multilib-list=m32,m64,mx32 --enable-multilib --with-tune=generic --enable-offload-targets=nvptx-none --without-cuda-driver --enable-checking=release --build=x86_64-linux-gnu --host=x86_64-linux-gnu --target=x86_64-linux-gnu
Thread model: posix
gcc version 7.4.0 (Ubuntu 7.4.0-1ubuntu1~18.04.1) 
COMPILER_PATH=/usr/lib/gcc/x86_64-linux-gnu/7/:/usr/lib/gcc/x86_64-linux-gnu/7/:/usr/lib/gcc/x86_64-linux-gnu/:/usr/lib/gcc/x86_64-linux-gnu/7/:/usr/lib/gcc/x86_64-linux-gnu/
LIBRARY_PATH=/usr/lib/gcc/x86_64-linux-gnu/7/:/usr/lib/gcc/x86_64-linux-gnu/7/../../../x86_64-linux-gnu/:/usr/lib/gcc/x86_64-linux-gnu/7/../../../../lib/:/lib/x86_64-linux-gnu/:/lib/../lib/:/usr/lib/x86_64-linux-gnu/:/usr/lib/../lib/:/usr/lib/gcc/x86_64-linux-gnu/7/../../../:/lib/:/usr/lib/
COLLECT_GCC_OPTIONS='-D' 'JSON_USE_INT64_DOUBLE_CONVERSION' '-v' '-o' 'cmTC_4ecf3' '-shared-libgcc' '-mtune=generic' '-march=x86-64'
 /usr/lib/gcc/x86_64-linux-gnu/7/collect2 -plugin /usr/lib/gcc/x86_64-linux-gnu/7/liblto_plugin.so -plugin-opt=/usr/lib/gcc/x86_64-linux-gnu/7/lto-wrapper -plugin-opt=-fresolution=/tmp/ccexIUtE.res -plugin-opt=-pass-through=-lgcc_s -plugin-opt=-pass-through=-lgcc -plugin-opt=-pass-through=-lc -plugin-opt=-pass-through=-lgcc_s -plugin-opt=-pass-through=-lgcc --sysroot=/ --build-id --eh-frame-hdr -m elf_x86_64 --hash-style=gnu --as-needed -dynamic-linker /lib64/ld-linux-x86-64.so.2 -pie -z now -z relro -o cmTC_4ecf3 /usr/lib/gcc/x86_64-linux-gnu/7/../../../x86_64-linux-gnu/Scrt1.o /usr/lib/gcc/x86_64-linux-gnu/7/../../../x86_64-linux-gnu/crti.o /usr/lib/gcc/x86_64-linux-gnu/7/crtbeginS.o -L/usr/lib/gcc/x86_64-linux-gnu/7 -L/usr/lib/gcc/x86_64-linux-gnu/7/../../../x86_64-linux-gnu -L/usr/lib/gcc/x86_64-linux-gnu/7/../../../../lib -L/lib/x86_64-linux-gnu -L/lib/../lib -L/usr/lib/x86_64-linux-gnu -L/usr/lib/../lib -L/usr/lib/gcc/x86_64-linux-gnu/7/../../.. CMakeFiles/cmTC_4ecf3.dir/CMakeCXXCompilerABI.cpp.o -lstdc++ -lm -lgcc_s -lgcc -lc -lgcc_s -lgcc /usr/lib/gcc/x86_64-linux-gnu/7/crtendS.o /usr/lib/gcc/x86_64-linux-gnu/7/../../../x86_64-linux-gnu/crtn.o
COLLECT_GCC_OPTIONS='-D' 'JSON_USE_INT64_DOUBLE_CONVERSION' '-v' '-o' 'cmTC_4ecf3' '-shared-libgcc' '-mtune=generic' '-march=x86-64'
make[4]: Leaving directory '/root/work/3/solc/build/deps/src/jsoncpp-project-build/CMakeFiles/CMakeTmp'
make[3]: Leaving directory '/root/work/3/solc/build/deps/src/jsoncpp-project-build/CMakeFiles/CMakeTmp'


Parsed CXX implicit link information from above output:
  link line regex: [^( *|.*[/\])(ld|CMAKE_LINK_STARTFILE-NOTFOUND|([^/\]+-)?ld|collect2)[^/\]*( |$)]
  ignore line: [Change Dir: /root/work/3/solc/build/deps/src/jsoncpp-project-build/CMakeFiles/CMakeTmp]
  ignore line: []
  ignore line: [Run Build Command:"/usr/bin/make" "cmTC_4ecf3/fast"]
  ignore line: [make[3]: Entering directory '/root/work/3/solc/build/deps/src/jsoncpp-project-build/CMakeFiles/CMakeTmp']
  ignore line: [/usr/bin/make -f CMakeFiles/cmTC_4ecf3.dir/build.make CMakeFiles/cmTC_4ecf3.dir/build]
  ignore line: [make[4]: Entering directory '/root/work/3/solc/build/deps/src/jsoncpp-project-build/CMakeFiles/CMakeTmp']
  ignore line: [Building CXX object CMakeFiles/cmTC_4ecf3.dir/CMakeCXXCompilerABI.cpp.o]
  ignore line: [/usr/bin/c++    -DJSON_USE_INT64_DOUBLE_CONVERSION    -std=c++11 -o CMakeFiles/cmTC_4ecf3.dir/CMakeCXXCompilerABI.cpp.o -c /usr/share/cmake-3.10/Modules/CMakeCXXCompilerABI.cpp]
  ignore line: [Linking CXX executable cmTC_4ecf3]
  ignore line: [/usr/bin/cmake -E cmake_link_script CMakeFiles/cmTC_4ecf3.dir/link.txt --verbose=1]
  ignore line: [/usr/bin/c++   -DJSON_USE_INT64_DOUBLE_CONVERSION    -v CMakeFiles/cmTC_4ecf3.dir/CMakeCXXCompilerABI.cpp.o  -o cmTC_4ecf3 ]
  ignore line: [Using built-in specs.]
  ignore line: [COLLECT_GCC=/usr/bin/c++]
  ignore line: [COLLECT_LTO_WRAPPER=/usr/lib/gcc/x86_64-linux-gnu/7/lto-wrapper]
  ignore line: [OFFLOAD_TARGET_NAMES=nvptx-none]
  ignore line: [OFFLOAD_TARGET_DEFAULT=1]
  ignore line: [Target: x86_64-linux-gnu]
  ignore line: [Configured with: ../src/configure -v --with-pkgversion='Ubuntu 7.4.0-1ubuntu1~18.04.1' --with-bugurl=file:///usr/share/doc/gcc-7/README.Bugs --enable-languages=c,ada,c++,go,brig,d,fortran,objc,obj-c++ --prefix=/usr --with-gcc-major-version-only --program-suffix=-7 --program-prefix=x86_64-linux-gnu- --enable-shared --enable-linker-build-id --libexecdir=/usr/lib --without-included-gettext --enable-threads=posix --libdir=/usr/lib --enable-nls --with-sysroot=/ --enable-clocale=gnu --enable-libstdcxx-debug --enable-libstdcxx-time=yes --with-default-libstdcxx-abi=new --enable-gnu-unique-object --disable-vtable-verify --enable-libmpx --enable-plugin --enable-default-pie --with-system-zlib --with-target-system-zlib --enable-objc-gc=auto --enable-multiarch --disable-werror --with-arch-32=i686 --with-abi=m64 --with-multilib-list=m32,m64,mx32 --enable-multilib --with-tune=generic --enable-offload-targets=nvptx-none --without-cuda-driver --enable-checking=release --build=x86_64-linux-gnu --host=x86_64-linux-gnu --target=x86_64-linux-gnu]
  ignore line: [Thread model: posix]
  ignore line: [gcc version 7.4.0 (Ubuntu 7.4.0-1ubuntu1~18.04.1) ]
  ignore line: [COMPILER_PATH=/usr/lib/gcc/x86_64-linux-gnu/7/:/usr/lib/gcc/x86_64-linux-gnu/7/:/usr/lib/gcc/x86_64-linux-gnu/:/usr/lib/gcc/x86_64-linux-gnu/7/:/usr/lib/gcc/x86_64-linux-gnu/]
  ignore line: [LIBRARY_PATH=/usr/lib/gcc/x86_64-linux-gnu/7/:/usr/lib/gcc/x86_64-linux-gnu/7/../../../x86_64-linux-gnu/:/usr/lib/gcc/x86_64-linux-gnu/7/../../../../lib/:/lib/x86_64-linux-gnu/:/lib/../lib/:/usr/lib/x86_64-linux-gnu/:/usr/lib/../lib/:/usr/lib/gcc/x86_64-linux-gnu/7/../../../:/lib/:/usr/lib/]
  ignore line: [COLLECT_GCC_OPTIONS='-D' 'JSON_USE_INT64_DOUBLE_CONVERSION' '-v' '-o' 'cmTC_4ecf3' '-shared-libgcc' '-mtune=generic' '-march=x86-64']
  link line: [ /usr/lib/gcc/x86_64-linux-gnu/7/collect2 -plugin /usr/lib/gcc/x86_64-linux-gnu/7/liblto_plugin.so -plugin-opt=/usr/lib/gcc/x86_64-linux-gnu/7/lto-wrapper -plugin-opt=-fresolution=/tmp/ccexIUtE.res -plugin-opt=-pass-through=-lgcc_s -plugin-opt=-pass-through=-lgcc -plugin-opt=-pass-through=-lc -plugin-opt=-pass-through=-lgcc_s -plugin-opt=-pass-through=-lgcc --sysroot=/ --build-id --eh-frame-hdr -m elf_x86_64 --hash-style=gnu --as-needed -dynamic-linker /lib64/ld-linux-x86-64.so.2 -pie -z now -z relro -o cmTC_4ecf3 /usr/lib/gcc/x86_64-linux-gnu/7/../../../x86_64-linux-gnu/Scrt1.o /usr/lib/gcc/x86_64-linux-gnu/7/../../../x86_64-linux-gnu/crti.o /usr/lib/gcc/x86_64-linux-gnu/7/crtbeginS.o -L/usr/lib/gcc/x86_64-linux-gnu/7 -L/usr/lib/gcc/x86_64-linux-gnu/7/../../../x86_64-linux-gnu -L/usr/lib/gcc/x86_64-linux-gnu/7/../../../../lib -L/lib/x86_64-linux-gnu -L/lib/../lib -L/usr/lib/x86_64-linux-gnu -L/usr/lib/../lib -L/usr/lib/gcc/x86_64-linux-gnu/7/../../.. CMakeFiles/cmTC_4ecf3.dir/CMakeCXXCompilerABI.cpp.o -lstdc++ -lm -lgcc_s -lgcc -lc -lgcc_s -lgcc /usr/lib/gcc/x86_64-linux-gnu/7/crtendS.o /usr/lib/gcc/x86_64-linux-gnu/7/../../../x86_64-linux-gnu/crtn.o]
    arg [/usr/lib/gcc/x86_64-linux-gnu/7/collect2] ==> ignore
    arg [-plugin] ==> ignore
    arg [/usr/lib/gcc/x86_64-linux-gnu/7/liblto_plugin.so] ==> ignore
    arg [-plugin-opt=/usr/lib/gcc/x86_64-linux-gnu/7/lto-wrapper] ==> ignore
    arg [-plugin-opt=-fresolution=/tmp/ccexIUtE.res] ==> ignore
    arg [-plugin-opt=-pass-through=-lgcc_s] ==> ignore
    arg [-plugin-opt=-pass-through=-lgcc] ==> ignore
    arg [-plugin-opt=-pass-through=-lc] ==> ignore
    arg [-plugin-opt=-pass-through=-lgcc_s] ==> ignore
    arg [-plugin-opt=-pass-through=-lgcc] ==> ignore
    arg [--sysroot=/] ==> ignore
    arg [--build-id] ==> ignore
    arg [--eh-frame-hdr] ==> ignore
    arg [-m] ==> ignore
    arg [elf_x86_64] ==> ignore
    arg [--hash-style=gnu] ==> ignore
    arg [--as-needed] ==> ignore
    arg [-dynamic-linker] ==> ignore
    arg [/lib64/ld-linux-x86-64.so.2] ==> ignore
    arg [-pie] ==> ignore
    arg [-znow] ==> ignore
    arg [-zrelro] ==> ignore
    arg [-o] ==> ignore
    arg [cmTC_4ecf3] ==> ignore
    arg [/usr/lib/gcc/x86_64-linux-gnu/7/../../../x86_64-linux-gnu/Scrt1.o] ==> ignore
    arg [/usr/lib/gcc/x86_64-linux-gnu/7/../../../x86_64-linux-gnu/crti.o] ==> ignore
    arg [/usr/lib/gcc/x86_64-linux-gnu/7/crtbeginS.o] ==> ignore
    arg [-L/usr/lib/gcc/x86_64-linux-gnu/7] ==> dir [/usr/lib/gcc/x86_64-linux-gnu/7]
    arg [-L/usr/lib/gcc/x86_64-linux-gnu/7/../../../x86_64-linux-gnu] ==> dir [/usr/lib/gcc/x86_64-linux-gnu/7/../../../x86_64-linux-gnu]
    arg [-L/usr/lib/gcc/x86_64-linux-gnu/7/../../../../lib] ==> dir [/usr/lib/gcc/x86_64-linux-gnu/7/../../../../lib]
    arg [-L/lib/x86_64-linux-gnu] ==> dir [/lib/x86_64-linux-gnu]
    arg [-L/lib/../lib] ==> dir [/lib/../lib]
    arg [-L/usr/lib/x86_64-linux-gnu] ==> dir [/usr/lib/x86_64-linux-gnu]
    arg [-L/usr/lib/../lib] ==> dir [/usr/lib/../lib]
    arg [-L/usr/lib/gcc/x86_64-linux-gnu/7/../../..] ==> dir [/usr/lib/gcc/x86_64-linux-gnu/7/../../..]
    arg [CMakeFiles/cmTC_4ecf3.dir/CMakeCXXCompilerABI.cpp.o] ==> ignore
    arg [-lstdc++] ==> lib [stdc++]
    arg [-lm] ==> lib [m]
    arg [-lgcc_s] ==> lib [gcc_s]
    arg [-lgcc] ==> lib [gcc]
    arg [-lc] ==> lib [c]
    arg [-lgcc_s] ==> lib [gcc_s]
    arg [-lgcc] ==> lib [gcc]
    arg [/usr/lib/gcc/x86_64-linux-gnu/7/crtendS.o] ==> ignore
    arg [/usr/lib/gcc/x86_64-linux-gnu/7/../../../x86_64-linux-gnu/crtn.o] ==> ignore
  collapse library dir [/usr/lib/gcc/x86_64-linux-gnu/7] ==> [/usr/lib/gcc/x86_64-linux-gnu/7]
  collapse library dir [/usr/lib/gcc/x86_64-linux-gnu/7/../../../x86_64-linux-gnu] ==> [/usr/lib/x86_64-linux-gnu]
  collapse library dir [/usr/lib/gcc/x86_64-linux-gnu/7/../../../../lib] ==> [/usr/lib]
  collapse library dir [/lib/x86_64-linux-gnu] ==> [/lib/x86_64-linux-gnu]
  collapse library dir [/lib/../lib] ==> [/lib]
  collapse library dir [/usr/lib/x86_64-linux-gnu] ==> [/usr/lib/x86_64-linux-gnu]
  collapse library dir [/usr/lib/../lib] ==> [/usr/lib]
  collapse library dir [/usr/lib/gcc/x86_64-linux-gnu/7/../../..] ==> [/usr/lib]
  implicit libs: [stdc++;m;gcc_s;gcc;c;gcc_s;gcc]
  implicit dirs: [/usr/lib/gcc/x86_64-linux-gnu/7;/usr/lib/x86_64-linux-gnu;/usr/lib;/lib/x86_64-linux-gnu;/lib]
  implicit fwks: []




Detecting CXX [-std=c++1z] compiler features compiled with the following output:
Change Dir: /root/work/3/solc/build/deps/src/jsoncpp-project-build/CMakeFiles/CMakeTmp

Run Build Command:"/usr/bin/make" "cmTC_a58a8/fast"
make[3]: Entering directory '/root/work/3/solc/build/deps/src/jsoncpp-project-build/CMakeFiles/CMakeTmp'
/usr/bin/make -f CMakeFiles/cmTC_a58a8.dir/build.make CMakeFiles/cmTC_a58a8.dir/build
make[4]: Entering directory '/root/work/3/solc/build/deps/src/jsoncpp-project-build/CMakeFiles/CMakeTmp'
Building CXX object CMakeFiles/cmTC_a58a8.dir/feature_tests.cxx.o
/usr/bin/c++    -DJSON_USE_INT64_DOUBLE_CONVERSION    -std=c++1z -std=c++11 -o CMakeFiles/cmTC_a58a8.dir/feature_tests.cxx.o -c /root/work/3/solc/build/deps/src/jsoncpp-project-build/CMakeFiles/feature_tests.cxx
Linking CXX executable cmTC_a58a8
/usr/bin/cmake -E cmake_link_script CMakeFiles/cmTC_a58a8.dir/link.txt --verbose=1
/usr/bin/c++   -DJSON_USE_INT64_DOUBLE_CONVERSION     CMakeFiles/cmTC_a58a8.dir/feature_tests.cxx.o  -o cmTC_a58a8 
make[4]: Leaving directory '/root/work/3/solc/build/deps/src/jsoncpp-project-build/CMakeFiles/CMakeTmp'
make[3]: Leaving directory '/root/work/3/solc/build/deps/src/jsoncpp-project-build/CMakeFiles/CMakeTmp'


    Feature record: CXX_FEATURE:0cxx_aggregate_default_initializers
    Feature record: CXX_FEATURE:1cxx_alias_templates
    Feature record: CXX_FEATURE:1cxx_alignas
    Feature record: CXX_FEATURE:1cxx_alignof
    Feature record: CXX_FEATURE:1cxx_attributes
    Feature record: CXX_FEATURE:0cxx_attribute_deprecated
    Feature record: CXX_FEATURE:1cxx_auto_type
    Feature record: CXX_FEATURE:0cxx_binary_literals
    Feature record: CXX_FEATURE:1cxx_constexpr
    Feature record: CXX_FEATURE:0cxx_contextual_conversions
    Feature record: CXX_FEATURE:1cxx_decltype
    Feature record: CXX_FEATURE:0cxx_decltype_auto
    Feature record: CXX_FEATURE:1cxx_decltype_incomplete_return_types
    Feature record: CXX_FEATURE:1cxx_default_function_template_args
    Feature record: CXX_FEATURE:1cxx_defaulted_functions
    Feature record: CXX_FEATURE:1cxx_defaulted_move_initializers
    Feature record: CXX_FEATURE:1cxx_delegating_constructors
    Feature record: CXX_FEATURE:1cxx_deleted_functions
    Feature record: CXX_FEATURE:0cxx_digit_separators
    Feature record: CXX_FEATURE:1cxx_enum_forward_declarations
    Feature record: CXX_FEATURE:1cxx_explicit_conversions
    Feature record: CXX_FEATURE:1cxx_extended_friend_declarations
    Feature record: CXX_FEATURE:1cxx_extern_templates
    Feature record: CXX_FEATURE:1cxx_final
    Feature record: CXX_FEATURE:1cxx_func_identifier
    Feature record: CXX_FEATURE:1cxx_generalized_initializers
    Feature record: CXX_FEATURE:0cxx_generic_lambdas
    Feature record: CXX_FEATURE:1cxx_inheriting_constructors
    Feature record: CXX_FEATURE:1cxx_inline_namespaces
    Feature record: CXX_FEATURE:1cxx_lambdas
    Feature record: CXX_FEATURE:0cxx_lambda_init_captures
    Feature record: CXX_FEATURE:1cxx_local_type_template_args
    Feature record: CXX_FEATURE:1cxx_long_long_type
    Feature record: CXX_FEATURE:1cxx_noexcept
    Feature record: CXX_FEATURE:1cxx_nonstatic_member_init
    Feature record: CXX_FEATURE:1cxx_nullptr
    Feature record: CXX_FEATURE:1cxx_override
    Feature record: CXX_FEATURE:1cxx_range_for
    Feature record: CXX_FEATURE:1cxx_raw_string_literals
    Feature record: CXX_FEATURE:1cxx_reference_qualified_functions
    Feature record: CXX_FEATURE:0cxx_relaxed_constexpr
    Feature record: CXX_FEATURE:0cxx_return_type_deduction
    Feature record: CXX_FEATURE:1cxx_right_angle_brackets
    Feature record: CXX_FEATURE:1cxx_rvalue_references
    Feature record: CXX_FEATURE:1cxx_sizeof_member
    Feature record: CXX_FEATURE:1cxx_static_assert
    Feature record: CXX_FEATURE:1cxx_strong_enums
    Feature record: CXX_FEATURE:1cxx_template_template_parameters
    Feature record: CXX_FEATURE:1cxx_thread_local
    Feature record: CXX_FEATURE:1cxx_trailing_return_types
    Feature record: CXX_FEATURE:1cxx_unicode_literals
    Feature record: CXX_FEATURE:1cxx_uniform_initialization
    Feature record: CXX_FEATURE:1cxx_unrestricted_unions
    Feature record: CXX_FEATURE:1cxx_user_literals
    Feature record: CXX_FEATURE:0cxx_variable_templates
    Feature record: CXX_FEATURE:1cxx_variadic_macros
    Feature record: CXX_FEATURE:1cxx_variadic_templates


Detecting CXX [-std=c++14] compiler features compiled with the following output:
Change Dir: /root/work/3/solc/build/deps/src/jsoncpp-project-build/CMakeFiles/CMakeTmp

Run Build Command:"/usr/bin/make" "cmTC_089b3/fast"
make[3]: Entering directory '/root/work/3/solc/build/deps/src/jsoncpp-project-build/CMakeFiles/CMakeTmp'
/usr/bin/make -f CMakeFiles/cmTC_089b3.dir/build.make CMakeFiles/cmTC_089b3.dir/build
make[4]: Entering directory '/root/work/3/solc/build/deps/src/jsoncpp-project-build/CMakeFiles/CMakeTmp'
Building CXX object CMakeFiles/cmTC_089b3.dir/feature_tests.cxx.o
/usr/bin/c++    -DJSON_USE_INT64_DOUBLE_CONVERSION    -std=c++14 -std=c++11 -o CMakeFiles/cmTC_089b3.dir/feature_tests.cxx.o -c /root/work/3/solc/build/deps/src/jsoncpp-project-build/CMakeFiles/feature_tests.cxx
Linking CXX executable cmTC_089b3
/usr/bin/cmake -E cmake_link_script CMakeFiles/cmTC_089b3.dir/link.txt --verbose=1
/usr/bin/c++   -DJSON_USE_INT64_DOUBLE_CONVERSION     CMakeFiles/cmTC_089b3.dir/feature_tests.cxx.o  -o cmTC_089b3 
make[4]: Leaving directory '/root/work/3/solc/build/deps/src/jsoncpp-project-build/CMakeFiles/CMakeTmp'
make[3]: Leaving directory '/root/work/3/solc/build/deps/src/jsoncpp-project-build/CMakeFiles/CMakeTmp'


    Feature record: CXX_FEATURE:0cxx_aggregate_default_initializers
    Feature record: CXX_FEATURE:1cxx_alias_templates
    Feature record: CXX_FEATURE:1cxx_alignas
    Feature record: CXX_FEATURE:1cxx_alignof
    Feature record: CXX_FEATURE:1cxx_attributes
    Feature record: CXX_FEATURE:0cxx_attribute_deprecated
    Feature record: CXX_FEATURE:1cxx_auto_type
    Feature record: CXX_FEATURE:0cxx_binary_literals
    Feature record: CXX_FEATURE:1cxx_constexpr
    Feature record: CXX_FEATURE:0cxx_contextual_conversions
    Feature record: CXX_FEATURE:1cxx_decltype
    Feature record: CXX_FEATURE:0cxx_decltype_auto
    Feature record: CXX_FEATURE:1cxx_decltype_incomplete_return_types
    Feature record: CXX_FEATURE:1cxx_default_function_template_args
    Feature record: CXX_FEATURE:1cxx_defaulted_functions
    Feature record: CXX_FEATURE:1cxx_defaulted_move_initializers
    Feature record: CXX_FEATURE:1cxx_delegating_constructors
    Feature record: CXX_FEATURE:1cxx_deleted_functions
    Feature record: CXX_FEATURE:0cxx_digit_separators
    Feature record: CXX_FEATURE:1cxx_enum_forward_declarations
    Feature record: CXX_FEATURE:1cxx_explicit_conversions
    Feature record: CXX_FEATURE:1cxx_extended_friend_declarations
    Feature record: CXX_FEATURE:1cxx_extern_templates
    Feature record: CXX_FEATURE:1cxx_final
    Feature record: CXX_FEATURE:1cxx_func_identifier
    Feature record: CXX_FEATURE:1cxx_generalized_initializers
    Feature record: CXX_FEATURE:0cxx_generic_lambdas
    Feature record: CXX_FEATURE:1cxx_inheriting_constructors
    Feature record: CXX_FEATURE:1cxx_inline_namespaces
    Feature record: CXX_FEATURE:1cxx_lambdas
    Feature record: CXX_FEATURE:0cxx_lambda_init_captures
    Feature record: CXX_FEATURE:1cxx_local_type_template_args
    Feature record: CXX_FEATURE:1cxx_long_long_type
    Feature record: CXX_FEATURE:1cxx_noexcept
    Feature record: CXX_FEATURE:1cxx_nonstatic_member_init
    Feature record: CXX_FEATURE:1cxx_nullptr
    Feature record: CXX_FEATURE:1cxx_override
    Feature record: CXX_FEATURE:1cxx_range_for
    Feature record: CXX_FEATURE:1cxx_raw_string_literals
    Feature record: CXX_FEATURE:1cxx_reference_qualified_functions
    Feature record: CXX_FEATURE:0cxx_relaxed_constexpr
    Feature record: CXX_FEATURE:0cxx_return_type_deduction
    Feature record: CXX_FEATURE:1cxx_right_angle_brackets
    Feature record: CXX_FEATURE:1cxx_rvalue_references
    Feature record: CXX_FEATURE:1cxx_sizeof_member
    Feature record: CXX_FEATURE:1cxx_static_assert
    Feature record: CXX_FEATURE:1cxx_strong_enums
    Feature record: CXX_FEATURE:1cxx_template_template_parameters
    Feature record: CXX_FEATURE:1cxx_thread_local
    Feature record: CXX_FEATURE:1cxx_trailing_return_types
    Feature record: CXX_FEATURE:1cxx_unicode_literals
    Feature record: CXX_FEATURE:1cxx_uniform_initialization
    Feature record: CXX_FEATURE:1cxx_unrestricted_unions
    Feature record: CXX_FEATURE:1cxx_user_literals
    Feature record: CXX_FEATURE:0cxx_variable_templates
    Feature record: CXX_FEATURE:1cxx_variadic_macros
    Feature record: CXX_FEATURE:1cxx_variadic_templates


Detecting CXX [-std=c++11] compiler features compiled with the following output:
Change Dir: /root/work/3/solc/build/deps/src/jsoncpp-project-build/CMakeFiles/CMakeTmp

Run Build Command:"/usr/bin/make" "cmTC_6e3af/fast"
make[3]: Entering directory '/root/work/3/solc/build/deps/src/jsoncpp-project-build/CMakeFiles/CMakeTmp'
/usr/bin/make -f CMakeFiles/cmTC_6e3af.dir/build.make CMakeFiles/cmTC_6e3af.dir/build
make[4]: Entering directory '/root/work/3/solc/build/deps/src/jsoncpp-project-build/CMakeFiles/CMakeTmp'
Building CXX object CMakeFiles/cmTC_6e3af.dir/feature_tests.cxx.o
/usr/bin/c++    -DJSON_USE_INT64_DOUBLE_CONVERSION    -std=c++11 -std=c++11 -o CMakeFiles/cmTC_6e3af.dir/feature_tests.cxx.o -c /root/work/3/solc/build/deps/src/jsoncpp-project-build/CMakeFiles/feature_tests.cxx
Linking CXX executable cmTC_6e3af
/usr/bin/cmake -E cmake_link_script CMakeFiles/cmTC_6e3af.dir/link.txt --verbose=1
/usr/bin/c++   -DJSON_USE_INT64_DOUBLE_CONVERSION     CMakeFiles/cmTC_6e3af.dir/feature_tests.cxx.o  -o cmTC_6e3af 
make[4]: Leaving directory '/root/work/3/solc/build/deps/src/jsoncpp-project-build/CMakeFiles/CMakeTmp'
make[3]: Leaving directory '/root/work/3/solc/build/deps/src/jsoncpp-project-build/CMakeFiles/CMakeTmp'


    Feature record: CXX_FEATURE:0cxx_aggregate_default_initializers
    Feature record: CXX_FEATURE:1cxx_alias_templates
    Feature record: CXX_FEATURE:1cxx_alignas
    Feature record: CXX_FEATURE:1cxx_alignof
    Feature record: CXX_FEATURE:1cxx_attributes
    Feature record: CXX_FEATURE:0cxx_attribute_deprecated
    Feature record: CXX_FEATURE:1cxx_auto_type
    Feature record: CXX_FEATURE:0cxx_binary_literals
    Feature record: CXX_FEATURE:1cxx_constexpr
    Feature record: CXX_FEATURE:0cxx_contextual_conversions
    Feature record: CXX_FEATURE:1cxx_decltype
    Feature record: CXX_FEATURE:0cxx_decltype_auto
    Feature record: CXX_FEATURE:1cxx_decltype_incomplete_return_types
    Feature record: CXX_FEATURE:1cxx_default_function_template_args
    Feature record: CXX_FEATURE:1cxx_defaulted_functions
    Feature record: CXX_FEATURE:1cxx_defaulted_move_initializers
    Feature record: CXX_FEATURE:1cxx_delegating_constructors
    Feature record: CXX_FEATURE:1cxx_deleted_functions
    Feature record: CXX_FEATURE:0cxx_digit_separators
    Feature record: CXX_FEATURE:1cxx_enum_forward_declarations
    Feature record: CXX_FEATURE:1cxx_explicit_conversions
    Feature record: CXX_FEATURE:1cxx_extended_friend_declarations
    Feature record: CXX_FEATURE:1cxx_extern_templates
    Feature record: CXX_FEATURE:1cxx_final
    Feature record: CXX_FEATURE:1cxx_func_identifier
    Feature record: CXX_FEATURE:1cxx_generalized_initializers
    Feature record: CXX_FEATURE:0cxx_generic_lambdas
    Feature record: CXX_FEATURE:1cxx_inheriting_constructors
    Feature record: CXX_FEATURE:1cxx_inline_namespaces
    Feature record: CXX_FEATURE:1cxx_lambdas
    Feature record: CXX_FEATURE:0cxx_lambda_init_captures
    Feature record: CXX_FEATURE:1cxx_local_type_template_args
    Feature record: CXX_FEATURE:1cxx_long_long_type
    Feature record: CXX_FEATURE:1cxx_noexcept
    Feature record: CXX_FEATURE:1cxx_nonstatic_member_init
    Feature record: CXX_FEATURE:1cxx_nullptr
    Feature record: CXX_FEATURE:1cxx_override
    Feature record: CXX_FEATURE:1cxx_range_for
    Feature record: CXX_FEATURE:1cxx_raw_string_literals
    Feature record: CXX_FEATURE:1cxx_reference_qualified_functions
    Feature record: CXX_FEATURE:0cxx_relaxed_constexpr
    Feature record: CXX_FEATURE:0cxx_return_type_deduction
    Feature record: CXX_FEATURE:1cxx_right_angle_brackets
    Feature record: CXX_FEATURE:1cxx_rvalue_references
    Feature record: CXX_FEATURE:1cxx_sizeof_member
    Feature record: CXX_FEATURE:1cxx_static_assert
    Feature record: CXX_FEATURE:1cxx_strong_enums
    Feature record: CXX_FEATURE:1cxx_template_template_parameters
    Feature record: CXX_FEATURE:1cxx_thread_local
    Feature record: CXX_FEATURE:1cxx_trailing_return_types
    Feature record: CXX_FEATURE:1cxx_unicode_literals
    Feature record: CXX_FEATURE:1cxx_uniform_initialization
    Feature record: CXX_FEATURE:1cxx_unrestricted_unions
    Feature record: CXX_FEATURE:1cxx_user_literals
    Feature record: CXX_FEATURE:0cxx_variable_templates
    Feature record: CXX_FEATURE:1cxx_variadic_macros
    Feature record: CXX_FEATURE:1cxx_variadic_templates


Detecting CXX [-std=c++98] compiler features compiled with the following output:
Change Dir: /root/work/3/solc/build/deps/src/jsoncpp-project-build/CMakeFiles/CMakeTmp

Run Build Command:"/usr/bin/make" "cmTC_c789f/fast"
make[3]: Entering directory '/root/work/3/solc/build/deps/src/jsoncpp-project-build/CMakeFiles/CMakeTmp'
/usr/bin/make -f CMakeFiles/cmTC_c789f.dir/build.make CMakeFiles/cmTC_c789f.dir/build
make[4]: Entering directory '/root/work/3/solc/build/deps/src/jsoncpp-project-build/CMakeFiles/CMakeTmp'
Building CXX object CMakeFiles/cmTC_c789f.dir/feature_tests.cxx.o
/usr/bin/c++    -DJSON_USE_INT64_DOUBLE_CONVERSION    -std=c++98 -std=c++11 -o CMakeFiles/cmTC_c789f.dir/feature_tests.cxx.o -c /root/work/3/solc/build/deps/src/jsoncpp-project-build/CMakeFiles/feature_tests.cxx
Linking CXX executable cmTC_c789f
/usr/bin/cmake -E cmake_link_script CMakeFiles/cmTC_c789f.dir/link.txt --verbose=1
/usr/bin/c++   -DJSON_USE_INT64_DOUBLE_CONVERSION     CMakeFiles/cmTC_c789f.dir/feature_tests.cxx.o  -o cmTC_c789f 
make[4]: Leaving directory '/root/work/3/solc/build/deps/src/jsoncpp-project-build/CMakeFiles/CMakeTmp'
make[3]: Leaving directory '/root/work/3/solc/build/deps/src/jsoncpp-project-build/CMakeFiles/CMakeTmp'


    Feature record: CXX_FEATURE:0cxx_aggregate_default_initializers
    Feature record: CXX_FEATURE:1cxx_alias_templates
    Feature record: CXX_FEATURE:1cxx_alignas
    Feature record: CXX_FEATURE:1cxx_alignof
    Feature record: CXX_FEATURE:1cxx_attributes
    Feature record: CXX_FEATURE:0cxx_attribute_deprecated
    Feature record: CXX_FEATURE:1cxx_auto_type
    Feature record: CXX_FEATURE:0cxx_binary_literals
    Feature record: CXX_FEATURE:1cxx_constexpr
    Feature record: CXX_FEATURE:0cxx_contextual_conversions
    Feature record: CXX_FEATURE:1cxx_decltype
    Feature record: CXX_FEATURE:0cxx_decltype_auto
    Feature record: CXX_FEATURE:1cxx_decltype_incomplete_return_types
    Feature record: CXX_FEATURE:1cxx_default_function_template_args
    Feature record: CXX_FEATURE:1cxx_defaulted_functions
    Feature record: CXX_FEATURE:1cxx_defaulted_move_initializers
    Feature record: CXX_FEATURE:1cxx_delegating_constructors
    Feature record: CXX_FEATURE:1cxx_deleted_functions
    Feature record: CXX_FEATURE:0cxx_digit_separators
    Feature record: CXX_FEATURE:1cxx_enum_forward_declarations
    Feature record: CXX_FEATURE:1cxx_explicit_conversions
    Feature record: CXX_FEATURE:1cxx_extended_friend_declarations
    Feature record: CXX_FEATURE:1cxx_extern_templates
    Feature record: CXX_FEATURE:1cxx_final
    Feature record: CXX_FEATURE:1cxx_func_identifier
    Feature record: CXX_FEATURE:1cxx_generalized_initializers
    Feature record: CXX_FEATURE:0cxx_generic_lambdas
    Feature record: CXX_FEATURE:1cxx_inheriting_constructors
    Feature record: CXX_FEATURE:1cxx_inline_namespaces
    Feature record: CXX_FEATURE:1cxx_lambdas
    Feature record: CXX_FEATURE:0cxx_lambda_init_captures
    Feature record: CXX_FEATURE:1cxx_local_type_template_args
    Feature record: CXX_FEATURE:1cxx_long_long_type
    Feature record: CXX_FEATURE:1cxx_noexcept
    Feature record: CXX_FEATURE:1cxx_nonstatic_member_init
    Feature record: CXX_FEATURE:1cxx_nullptr
    Feature record: CXX_FEATURE:1cxx_override
    Feature record: CXX_FEATURE:1cxx_range_for
    Feature record: CXX_FEATURE:1cxx_raw_string_literals
    Feature record: CXX_FEATURE:1cxx_reference_qualified_functions
    Feature record: CXX_FEATURE:0cxx_relaxed_constexpr
    Feature record: CXX_FEATURE:0cxx_return_type_deduction
    Feature record: CXX_FEATURE:1cxx_right_angle_brackets
    Feature record: CXX_FEATURE:1cxx_rvalue_references
    Feature record: CXX_FEATURE:1cxx_sizeof_member
    Feature record: CXX_FEATURE:1cxx_static_assert
    Feature record: CXX_FEATURE:1cxx_strong_enums
    Feature record: CXX_FEATURE:1cxx_template_template_parameters
    Feature record: CXX_FEATURE:1cxx_thread_local
    Feature record: CXX_FEATURE:1cxx_trailing_return_types
    Feature record: CXX_FEATURE:1cxx_unicode_literals
    Feature record: CXX_FEATURE:1cxx_uniform_initialization
    Feature record: CXX_FEATURE:1cxx_unrestricted_unions
    Feature record: CXX_FEATURE:1cxx_user_literals
    Feature record: CXX_FEATURE:0cxx_variable_templates
    Feature record: CXX_FEATURE:1cxx_variadic_macros
    Feature record: CXX_FEATURE:1cxx_variadic_templates
Determining if the include file clocale exists passed with the following output:
Change Dir: /root/work/3/solc/build/deps/src/jsoncpp-project-build/CMakeFiles/CMakeTmp

Run Build Command:"/usr/bin/make" "cmTC_c4e6f/fast"
make[3]: Entering directory '/root/work/3/solc/build/deps/src/jsoncpp-project-build/CMakeFiles/CMakeTmp'
/usr/bin/make -f CMakeFiles/cmTC_c4e6f.dir/build.make CMakeFiles/cmTC_c4e6f.dir/build
make[4]: Entering directory '/root/work/3/solc/build/deps/src/jsoncpp-project-build/CMakeFiles/CMakeTmp'
Building CXX object CMakeFiles/cmTC_c4e6f.dir/CheckIncludeFile.cxx.o
/usr/bin/c++    -DJSON_USE_INT64_DOUBLE_CONVERSION -Wall -Wconversion -Wshadow -Wextra -pedantic -Werror=strict-aliasing    -std=c++11 -o CMakeFiles/cmTC_c4e6f.dir/CheckIncludeFile.cxx.o -c /root/work/3/solc/build/deps/src/jsoncpp-project-build/CMakeFiles/CMakeTmp/CheckIncludeFile.cxx
Linking CXX executable cmTC_c4e6f
/usr/bin/cmake -E cmake_link_script CMakeFiles/cmTC_c4e6f.dir/link.txt --verbose=1
/usr/bin/c++   -DJSON_USE_INT64_DOUBLE_CONVERSION -Wall -Wconversion -Wshadow -Wextra -pedantic -Werror=strict-aliasing     CMakeFiles/cmTC_c4e6f.dir/CheckIncludeFile.cxx.o  -o cmTC_c4e6f 
make[4]: Leaving directory '/root/work/3/solc/build/deps/src/jsoncpp-project-build/CMakeFiles/CMakeTmp'
make[3]: Leaving directory '/root/work/3/solc/build/deps/src/jsoncpp-project-build/CMakeFiles/CMakeTmp'


Determining if the localeconv exist passed with the following output:
Change Dir: /root/work/3/solc/build/deps/src/jsoncpp-project-build/CMakeFiles/CMakeTmp

Run Build Command:"/usr/bin/make" "cmTC_5a12a/fast"
make[3]: Entering directory '/root/work/3/solc/build/deps/src/jsoncpp-project-build/CMakeFiles/CMakeTmp'
/usr/bin/make -f CMakeFiles/cmTC_5a12a.dir/build.make CMakeFiles/cmTC_5a12a.dir/build
make[4]: Entering directory '/root/work/3/solc/build/deps/src/jsoncpp-project-build/CMakeFiles/CMakeTmp'
Building CXX object CMakeFiles/cmTC_5a12a.dir/CheckSymbolExists.cxx.o
/usr/bin/c++    -DJSON_USE_INT64_DOUBLE_CONVERSION -Wall -Wconversion -Wshadow -Wextra -pedantic -Werror=strict-aliasing    -std=c++11 -o CMakeFiles/cmTC_5a12a.dir/CheckSymbolExists.cxx.o -c /root/work/3/solc/build/deps/src/jsoncpp-project-build/CMakeFiles/CMakeTmp/CheckSymbolExists.cxx
Linking CXX executable cmTC_5a12a
/usr/bin/cmake -E cmake_link_script CMakeFiles/cmTC_5a12a.dir/link.txt --verbose=1
/usr/bin/c++   -DJSON_USE_INT64_DOUBLE_CONVERSION -Wall -Wconversion -Wshadow -Wextra -pedantic -Werror=strict-aliasing     CMakeFiles/cmTC_5a12a.dir/CheckSymbolExists.cxx.o  -o cmTC_5a12a 
make[4]: Leaving directory '/root/work/3/solc/build/deps/src/jsoncpp-project-build/CMakeFiles/CMakeTmp'
make[3]: Leaving directory '/root/work/3/solc/build/deps/src/jsoncpp-project-build/CMakeFiles/CMakeTmp'

File /root/work/3/solc/build/deps/src/jsoncpp-project-build/CMakeFiles/CMakeTmp/CheckSymbolExists.cxx:
/* */
#include <clocale>

int main(int argc, char** argv)
{
  (void)argv;
#ifndef localeconv
  return ((int*)(&localeconv))[argc];
#else
  (void)argc;
  return 0;
#endif
}

Determining if the include file sys/types.h exists passed with the following output:
Change Dir: /root/work/3/solc/build/deps/src/jsoncpp-project-build/CMakeFiles/CMakeTmp

Run Build Command:"/usr/bin/make" "cmTC_594ff/fast"
make[3]: Entering directory '/root/work/3/solc/build/deps/src/jsoncpp-project-build/CMakeFiles/CMakeTmp'
/usr/bin/make -f CMakeFiles/cmTC_594ff.dir/build.make CMakeFiles/cmTC_594ff.dir/build
make[4]: Entering directory '/root/work/3/solc/build/deps/src/jsoncpp-project-build/CMakeFiles/CMakeTmp'
Building CXX object CMakeFiles/cmTC_594ff.dir/CheckIncludeFile.cxx.o
/usr/bin/c++    -DJSON_USE_INT64_DOUBLE_CONVERSION -Wall -Wconversion -Wshadow -Wextra -pedantic -Werror=strict-aliasing    -std=c++11 -o CMakeFiles/cmTC_594ff.dir/CheckIncludeFile.cxx.o -c /root/work/3/solc/build/deps/src/jsoncpp-project-build/CMakeFiles/CMakeTmp/CheckIncludeFile.cxx
Linking CXX executable cmTC_594ff
/usr/bin/cmake -E cmake_link_script CMakeFiles/cmTC_594ff.dir/link.txt --verbose=1
/usr/bin/c++   -DJSON_USE_INT64_DOUBLE_CONVERSION -Wall -Wconversion -Wshadow -Wextra -pedantic -Werror=strict-aliasing     CMakeFiles/cmTC_594ff.dir/CheckIncludeFile.cxx.o  -o cmTC_594ff 
make[4]: Leaving directory '/root/work/3/solc/build/deps/src/jsoncpp-project-build/CMakeFiles/CMakeTmp'
make[3]: Leaving directory '/root/work/3/solc/build/deps/src/jsoncpp-project-build/CMakeFiles/CMakeTmp'


Determining if the include file stdint.h exists passed with the following output:
Change Dir: /root/work/3/solc/build/deps/src/jsoncpp-project-build/CMakeFiles/CMakeTmp

Run Build Command:"/usr/bin/make" "cmTC_5d31c/fast"
make[3]: Entering directory '/root/work/3/solc/build/deps/src/jsoncpp-project-build/CMakeFiles/CMakeTmp'
/usr/bin/make -f CMakeFiles/cmTC_5d31c.dir/build.make CMakeFiles/cmTC_5d31c.dir/build
make[4]: Entering directory '/root/work/3/solc/build/deps/src/jsoncpp-project-build/CMakeFiles/CMakeTmp'
Building CXX object CMakeFiles/cmTC_5d31c.dir/CheckIncludeFile.cxx.o
/usr/bin/c++    -DJSON_USE_INT64_DOUBLE_CONVERSION -Wall -Wconversion -Wshadow -Wextra -pedantic -Werror=strict-aliasing    -std=c++11 -o CMakeFiles/cmTC_5d31c.dir/CheckIncludeFile.cxx.o -c /root/work/3/solc/build/deps/src/jsoncpp-project-build/CMakeFiles/CMakeTmp/CheckIncludeFile.cxx
Linking CXX executable cmTC_5d31c
/usr/bin/cmake -E cmake_link_script CMakeFiles/cmTC_5d31c.dir/link.txt --verbose=1
/usr/bin/c++   -DJSON_USE_INT64_DOUBLE_CONVERSION -Wall -Wconversion -Wshadow -Wextra -pedantic -Werror=strict-aliasing     CMakeFiles/cmTC_5d31c.dir/CheckIncludeFile.cxx.o  -o cmTC_5d31c 
make[4]: Leaving directory '/root/work/3/solc/build/deps/src/jsoncpp-project-build/CMakeFiles/CMakeTmp'
make[3]: Leaving directory '/root/work/3/solc/build/deps/src/jsoncpp-project-build/CMakeFiles/CMakeTmp'


Determining if the include file stddef.h exists passed with the following output:
Change Dir: /root/work/3/solc/build/deps/src/jsoncpp-project-build/CMakeFiles/CMakeTmp

Run Build Command:"/usr/bin/make" "cmTC_e1476/fast"
make[3]: Entering directory '/root/work/3/solc/build/deps/src/jsoncpp-project-build/CMakeFiles/CMakeTmp'
/usr/bin/make -f CMakeFiles/cmTC_e1476.dir/build.make CMakeFiles/cmTC_e1476.dir/build
make[4]: Entering directory '/root/work/3/solc/build/deps/src/jsoncpp-project-build/CMakeFiles/CMakeTmp'
Building CXX object CMakeFiles/cmTC_e1476.dir/CheckIncludeFile.cxx.o
/usr/bin/c++    -DJSON_USE_INT64_DOUBLE_CONVERSION -Wall -Wconversion -Wshadow -Wextra -pedantic -Werror=strict-aliasing    -std=c++11 -o CMakeFiles/cmTC_e1476.dir/CheckIncludeFile.cxx.o -c /root/work/3/solc/build/deps/src/jsoncpp-project-build/CMakeFiles/CMakeTmp/CheckIncludeFile.cxx
Linking CXX executable cmTC_e1476
/usr/bin/cmake -E cmake_link_script CMakeFiles/cmTC_e1476.dir/link.txt --verbose=1
/usr/bin/c++   -DJSON_USE_INT64_DOUBLE_CONVERSION -Wall -Wconversion -Wshadow -Wextra -pedantic -Werror=strict-aliasing     CMakeFiles/cmTC_e1476.dir/CheckIncludeFile.cxx.o  -o cmTC_e1476 
make[4]: Leaving directory '/root/work/3/solc/build/deps/src/jsoncpp-project-build/CMakeFiles/CMakeTmp'
make[3]: Leaving directory '/root/work/3/solc/build/deps/src/jsoncpp-project-build/CMakeFiles/CMakeTmp'


Determining size of lconv passed with the following output:
Change Dir: /root/work/3/solc/build/deps/src/jsoncpp-project-build/CMakeFiles/CMakeTmp

Run Build Command:"/usr/bin/make" "cmTC_3b187/fast"
make[3]: Entering directory '/root/work/3/solc/build/deps/src/jsoncpp-project-build/CMakeFiles/CMakeTmp'
/usr/bin/make -f CMakeFiles/cmTC_3b187.dir/build.make CMakeFiles/cmTC_3b187.dir/build
make[4]: Entering directory '/root/work/3/solc/build/deps/src/jsoncpp-project-build/CMakeFiles/CMakeTmp'
Building CXX object CMakeFiles/cmTC_3b187.dir/LCONV_SIZE.cpp.o
/usr/bin/c++    -DJSON_USE_INT64_DOUBLE_CONVERSION -Wall -Wconversion -Wshadow -Wextra -pedantic -Werror=strict-aliasing    -std=c++11 -o CMakeFiles/cmTC_3b187.dir/LCONV_SIZE.cpp.o -c /root/work/3/solc/build/deps/src/jsoncpp-project-build/CMakeFiles/CheckTypeSize/LCONV_SIZE.cpp
Linking CXX executable cmTC_3b187
/usr/bin/cmake -E cmake_link_script CMakeFiles/cmTC_3b187.dir/link.txt --verbose=1
/usr/bin/c++   -DJSON_USE_INT64_DOUBLE_CONVERSION -Wall -Wconversion -Wshadow -Wextra -pedantic -Werror=strict-aliasing     CMakeFiles/cmTC_3b187.dir/LCONV_SIZE.cpp.o  -o cmTC_3b187 
make[4]: Leaving directory '/root/work/3/solc/build/deps/src/jsoncpp-project-build/CMakeFiles/CMakeTmp'
make[3]: Leaving directory '/root/work/3/solc/build/deps/src/jsoncpp-project-build/CMakeFiles/CMakeTmp'


Performing C++ SOURCE FILE Test HAVE_DECIMAL_POINT succeeded with the following output:
Change Dir: /root/work/3/solc/build/deps/src/jsoncpp-project-build/CMakeFiles/CMakeTmp

Run Build Command:"/usr/bin/make" "cmTC_7fc95/fast"
make[3]: Entering directory '/root/work/3/solc/build/deps/src/jsoncpp-project-build/CMakeFiles/CMakeTmp'
/usr/bin/make -f CMakeFiles/cmTC_7fc95.dir/build.make CMakeFiles/cmTC_7fc95.dir/build
make[4]: Entering directory '/root/work/3/solc/build/deps/src/jsoncpp-project-build/CMakeFiles/CMakeTmp'
Building CXX object CMakeFiles/cmTC_7fc95.dir/src.cxx.o
/usr/bin/c++    -DJSON_USE_INT64_DOUBLE_CONVERSION -Wall -Wconversion -Wshadow -Wextra -pedantic -Werror=strict-aliasing -DHAVE_DECIMAL_POINT   -std=c++11 -o CMakeFiles/cmTC_7fc95.dir/src.cxx.o -c /root/work/3/solc/build/deps/src/jsoncpp-project-build/CMakeFiles/CMakeTmp/src.cxx
Linking CXX executable cmTC_7fc95
/usr/bin/cmake -E cmake_link_script CMakeFiles/cmTC_7fc95.dir/link.txt --verbose=1
/usr/bin/c++   -DJSON_USE_INT64_DOUBLE_CONVERSION -Wall -Wconversion -Wshadow -Wextra -pedantic -Werror=strict-aliasing -DHAVE_DECIMAL_POINT    CMakeFiles/cmTC_7fc95.dir/src.cxx.o  -o cmTC_7fc95 
make[4]: Leaving directory '/root/work/3/solc/build/deps/src/jsoncpp-project-build/CMakeFiles/CMakeTmp'
make[3]: Leaving directory '/root/work/3/solc/build/deps/src/jsoncpp-project-build/CMakeFiles/CMakeTmp'

Source file was:

#include <clocale>

int main()
{
   (void)sizeof(((lconv *)0)->decimal_point);
   return 0;
}

